2022-03-03 14:01:44.812  INFO 22288 --- [ForkJoinPool.commonPool-worker-1] o.s.boot.SpringApplication               : Starting application using Java 1.8.0_211 on JJJime.lan with PID 22288 (started by hsk in /Users/hsk/Documents/DevDocument/mySELF/iMessage)
2022-03-03 14:01:44.821  INFO 22288 --- [ForkJoinPool.commonPool-worker-1] o.s.boot.SpringApplication               : No active profile set, falling back to default profiles: default
2022-03-03 14:01:44.919  INFO 22288 --- [ForkJoinPool.commonPool-worker-1] .e.DevToolsPropertyDefaultsPostProcessor : For additional web related logging consider setting the 'logging.level.web' property to 'DEBUG'
2022-03-03 14:01:46.226  INFO 22288 --- [ForkJoinPool.commonPool-worker-1] o.s.b.w.embedded.tomcat.TomcatWebServer  : Tomcat initialized with port(s): 8080 (http)
2022-03-03 14:01:46.233  INFO 22288 --- [ForkJoinPool.commonPool-worker-1] o.apache.catalina.core.StandardService   : Starting service [Tomcat]
2022-03-03 14:01:46.234  INFO 22288 --- [ForkJoinPool.commonPool-worker-1] org.apache.catalina.core.StandardEngine  : Starting Servlet engine: [Apache Tomcat/9.0.56]
2022-03-03 14:01:46.286  INFO 22288 --- [ForkJoinPool.commonPool-worker-1] o.a.c.c.C.[Tomcat].[localhost].[/]       : Initializing Spring embedded WebApplicationContext
2022-03-03 14:01:46.286  INFO 22288 --- [ForkJoinPool.commonPool-worker-1] w.s.c.ServletWebServerApplicationContext : Root WebApplicationContext: initialization completed in 1366 ms
2022-03-03 14:01:47.073  INFO 22288 --- [ForkJoinPool.commonPool-worker-1] o.s.b.w.embedded.tomcat.TomcatWebServer  : Tomcat started on port(s): 8080 (http) with context path ''
2022-03-03 14:01:47.086  INFO 22288 --- [ForkJoinPool.commonPool-worker-1] o.s.boot.SpringApplication               : Started application in 3.06 seconds (JVM running for 6.075)
2022-03-03 14:01:47.142  WARN 22288 --- [JavaFX Application Thread] javafx                                   : Loading FXML document with JavaFX API of version 17 by JavaFX runtime of version 8.0.211
2022-03-03 14:08:43.918  INFO 22288 --- [SpringApplicationShutdownHook] com.alibaba.druid.pool.DruidDataSource   : {dataSource-0} closing ...
2022-03-03 14:08:52.335  INFO 25720 --- [ForkJoinPool.commonPool-worker-1] o.s.boot.SpringApplication               : Starting application using Java 1.8.0_211 on JJJime.lan with PID 25720 (started by hsk in /Users/hsk/Documents/DevDocument/mySELF/iMessage)
2022-03-03 14:08:52.338  INFO 25720 --- [ForkJoinPool.commonPool-worker-1] o.s.boot.SpringApplication               : No active profile set, falling back to default profiles: default
2022-03-03 14:08:52.392  INFO 25720 --- [ForkJoinPool.commonPool-worker-1] .e.DevToolsPropertyDefaultsPostProcessor : For additional web related logging consider setting the 'logging.level.web' property to 'DEBUG'
2022-03-03 14:08:53.480  INFO 25720 --- [ForkJoinPool.commonPool-worker-1] o.s.b.w.embedded.tomcat.TomcatWebServer  : Tomcat initialized with port(s): 8080 (http)
2022-03-03 14:08:53.487  INFO 25720 --- [ForkJoinPool.commonPool-worker-1] o.apache.catalina.core.StandardService   : Starting service [Tomcat]
2022-03-03 14:08:53.487  INFO 25720 --- [ForkJoinPool.commonPool-worker-1] org.apache.catalina.core.StandardEngine  : Starting Servlet engine: [Apache Tomcat/9.0.56]
2022-03-03 14:08:53.536  INFO 25720 --- [ForkJoinPool.commonPool-worker-1] o.a.c.c.C.[Tomcat].[localhost].[/]       : Initializing Spring embedded WebApplicationContext
2022-03-03 14:08:53.536  INFO 25720 --- [ForkJoinPool.commonPool-worker-1] w.s.c.ServletWebServerApplicationContext : Root WebApplicationContext: initialization completed in 1143 ms
2022-03-03 14:08:54.361  INFO 25720 --- [ForkJoinPool.commonPool-worker-1] o.s.b.w.embedded.tomcat.TomcatWebServer  : Tomcat started on port(s): 8080 (http) with context path ''
2022-03-03 14:08:54.372  INFO 25720 --- [ForkJoinPool.commonPool-worker-1] o.s.boot.SpringApplication               : Started application in 2.678 seconds (JVM running for 4.403)
2022-03-03 14:08:54.425  WARN 25720 --- [JavaFX Application Thread] javafx                                   : Loading FXML document with JavaFX API of version 17 by JavaFX runtime of version 8.0.211
2022-03-03 14:10:33.541  INFO 25720 --- [SpringApplicationShutdownHook] com.alibaba.druid.pool.DruidDataSource   : {dataSource-0} closing ...
2022-03-03 14:10:37.929  INFO 26561 --- [ForkJoinPool.commonPool-worker-1] o.s.boot.SpringApplication               : Starting application using Java 1.8.0_211 on JJJime.lan with PID 26561 (started by hsk in /Users/hsk/Documents/DevDocument/mySELF/iMessage)
2022-03-03 14:10:37.932  INFO 26561 --- [ForkJoinPool.commonPool-worker-1] o.s.boot.SpringApplication               : No active profile set, falling back to default profiles: default
2022-03-03 14:10:37.976  INFO 26561 --- [ForkJoinPool.commonPool-worker-1] .e.DevToolsPropertyDefaultsPostProcessor : For additional web related logging consider setting the 'logging.level.web' property to 'DEBUG'
2022-03-03 14:10:39.018  INFO 26561 --- [ForkJoinPool.commonPool-worker-1] o.s.b.w.embedded.tomcat.TomcatWebServer  : Tomcat initialized with port(s): 8080 (http)
2022-03-03 14:10:39.025  INFO 26561 --- [ForkJoinPool.commonPool-worker-1] o.apache.catalina.core.StandardService   : Starting service [Tomcat]
2022-03-03 14:10:39.025  INFO 26561 --- [ForkJoinPool.commonPool-worker-1] org.apache.catalina.core.StandardEngine  : Starting Servlet engine: [Apache Tomcat/9.0.56]
2022-03-03 14:10:39.119  INFO 26561 --- [ForkJoinPool.commonPool-worker-1] o.a.c.c.C.[Tomcat].[localhost].[/]       : Initializing Spring embedded WebApplicationContext
2022-03-03 14:10:39.119  INFO 26561 --- [ForkJoinPool.commonPool-worker-1] w.s.c.ServletWebServerApplicationContext : Root WebApplicationContext: initialization completed in 1142 ms
2022-03-03 14:10:40.152  INFO 26561 --- [ForkJoinPool.commonPool-worker-1] o.s.b.w.embedded.tomcat.TomcatWebServer  : Tomcat started on port(s): 8080 (http) with context path ''
2022-03-03 14:10:40.168  INFO 26561 --- [ForkJoinPool.commonPool-worker-1] o.s.boot.SpringApplication               : Started application in 2.761 seconds (JVM running for 3.949)
2022-03-03 14:10:40.216  WARN 26561 --- [JavaFX Application Thread] javafx                                   : Loading FXML document with JavaFX API of version 17 by JavaFX runtime of version 8.0.211
2022-03-03 14:14:09.574  INFO 26561 --- [SpringApplicationShutdownHook] com.alibaba.druid.pool.DruidDataSource   : {dataSource-0} closing ...
2022-03-03 14:14:16.312  INFO 28290 --- [ForkJoinPool.commonPool-worker-1] o.s.boot.SpringApplication               : Starting application using Java 1.8.0_211 on JJJime.lan with PID 28290 (started by hsk in /Users/hsk/Documents/DevDocument/mySELF/iMessage)
2022-03-03 14:14:16.319  INFO 28290 --- [ForkJoinPool.commonPool-worker-1] o.s.boot.SpringApplication               : No active profile set, falling back to default profiles: default
2022-03-03 14:14:16.372  INFO 28290 --- [ForkJoinPool.commonPool-worker-1] .e.DevToolsPropertyDefaultsPostProcessor : For additional web related logging consider setting the 'logging.level.web' property to 'DEBUG'
2022-03-03 14:14:17.513  INFO 28290 --- [ForkJoinPool.commonPool-worker-1] o.s.b.w.embedded.tomcat.TomcatWebServer  : Tomcat initialized with port(s): 8080 (http)
2022-03-03 14:14:17.522  INFO 28290 --- [ForkJoinPool.commonPool-worker-1] o.apache.catalina.core.StandardService   : Starting service [Tomcat]
2022-03-03 14:14:17.523  INFO 28290 --- [ForkJoinPool.commonPool-worker-1] org.apache.catalina.core.StandardEngine  : Starting Servlet engine: [Apache Tomcat/9.0.56]
2022-03-03 14:14:17.581  INFO 28290 --- [ForkJoinPool.commonPool-worker-1] o.a.c.c.C.[Tomcat].[localhost].[/]       : Initializing Spring embedded WebApplicationContext
2022-03-03 14:14:17.582  INFO 28290 --- [ForkJoinPool.commonPool-worker-1] w.s.c.ServletWebServerApplicationContext : Root WebApplicationContext: initialization completed in 1210 ms
2022-03-03 14:14:18.323  INFO 28290 --- [ForkJoinPool.commonPool-worker-1] o.s.b.w.embedded.tomcat.TomcatWebServer  : Tomcat started on port(s): 8080 (http) with context path ''
2022-03-03 14:14:18.335  INFO 28290 --- [ForkJoinPool.commonPool-worker-1] o.s.boot.SpringApplication               : Started application in 2.542 seconds (JVM running for 3.855)
2022-03-03 14:14:18.370  WARN 28290 --- [JavaFX Application Thread] javafx                                   : Loading FXML document with JavaFX API of version 17 by JavaFX runtime of version 8.0.211
